GET /api/v1/logs 200 4 - 0.676 ms
GET /api/v1/logs 200 40 - 0.307 ms
GET /api/v1/logs 200 77 - 3.982 ms
GET /api/v1/logs 200 114 - 0.407 ms
GET /api/v1/logs 200 152 - 0.489 ms
GET /api/v1/logs 200 190 - 3.673 ms
GET /api/v1/logs 200 228 - 0.323 ms
GET /api/v1/logs 200 266 - 0.395 ms
GET /api/v1/logs 200 304 - 0.420 ms
GET /api/v1/logs 200 342 - 0.303 ms
GET /api/v1/logs 200 380 - 3.578 ms
GET /api/v1/logs 200 418 - 3.412 ms
GET /api/v1/on-covid-19/logs/ 200 176 - 5.981 ms
GET /api/v1/on-covid-19/logs/ 200 507 - 3.478 ms
GET /api/v1/on-covid-19/logs/ 500 2203 - 4.974 ms
GET /api/v1/on-covid-19/logs/ 500 2203 - 3.707 ms
GET /api/v1/on-covid-19/logs/ 500 2203 - 2.157 ms
GET /api/v1/on-covid-19/logs 200 680 - 3.602 ms
GET /api/v1/on-covid-19/logs 200 764 - 3.948 ms
GET /api/v1/on-covid-19/logs 200 814 - 0.435 ms
GET /api/v1/on-covid-19/logs 200 864 - 0.400 ms
GET /api/v1/on-covid-19/logs 200 914 - 2.536 ms
GET /api/v1/on-covid-19/logs 200 964 - 0.503 ms
GET /api/v1/on-covid-19/logs 500 2197 - 2.606 ms
GET /api/v1/on-covid-19/logs 500 2197 - 4.464 ms
GET /api/v1/on-covid-19/logs 500 2197 - 3.361 ms
GET /api/v1/on-covid-19/logs 500 2203 - 3.219 ms
GET /api/v1/on-covid-19/logs 500 2203 - 1.255 ms
GET /api/v1/on-covid-19 200 4465 - 72.486 ms
GET /api/v1/on-covid-19/xml 200 406 - 19.902 ms
GET /api/v1/on-covid-19/logs 500 2203 - 0.671 ms
GET /api/v1/on-covid-19/logs 500 2203 - 3.724 ms
GET /api/v1/on-covid-19/logs 200 1468 - 2.395 ms
GET /api/v1/on-covid-19/logs 200 1486 - 4.735 ms
GET /api/v1/on-covid-19/logs 200 1570 - 4.921 ms
GET /course 404 145 - 2.737 ms
GET /list 404 143 - 2.744 ms
GET /lists 404 144 - 0.249 ms
GET /list.hbs 404 147 - 0.367 ms
GET /index 404 144 - 2.764 ms
GET /index.html 404 149 - 0.432 ms
GET /views 500 2199 - 5.070 ms
GET /views/ 500 2199 - 0.644 ms
GET /views/index.html 404 155 - 0.859 ms
GET /views/index.html 404 155 - 0.328 ms
GET /views/index.html 404 155 - 1.178 ms
GET /views/index 404 150 - 0.459 ms
GET /views/ 500 2199 - 0.632 ms
GET /views/ 404 145 - 4.082 ms
GET /views/ 404 145 - 0.376 ms
GET /views/ 404 145 - 0.290 ms
GET /views/ 500 2199 - 3.798 ms
GET /views/ 500 2199 - 3.576 ms
GET /views/ 500 2199 - 1.917 ms
GET /views/ 500 2199 - 0.500 ms
GET /views/ 500 2199 - 0.555 ms
GET /views/ 500 2199 - 3.168 ms
GET /views/ 500 2199 - 0.661 ms
GET /views/ 500 2199 - 0.681 ms
GET /views/ 500 2199 - 1.105 ms
GET /views/ 500 2199 - 0.483 ms
GET /views/ 500 2199 - 0.407 ms
GET /api/v1/on-covid-19/logs 200 2562 - 4.116 ms
GET /api/v1/on-covid-19/logs 200 2613 - 0.459 ms
GET /api/v1/on-covid-19/ 200 4465 - 65.279 ms
GET /api/v1/on-covid-19/xml 200 406 - 30.388 ms
GET / 200 28 - 2.116 ms
GET / 304 - - 4.481 ms
GET / 304 - - 0.346 ms
GET / 304 - - 0.381 ms
GET / 304 - - 0.820 ms
GET / 304 - - 0.292 ms
GET / 304 - - 0.223 ms
